<?xml version="1.0" encoding="UTF-8"?>
<!-- Generated by org.testng.reporters.JUnitReportReporter -->
<testsuite name="core.TMTest" tests="4" time="0.041" ignored="0" failures="0" timestamp="27 Jan 2017 04:06:21 GMT" skipped="0" hostname="DESKTOP-CPM7937" errors="0">
  <testcase name="test" time="0.002" classname="core.TMTest"/>
  <testcase name="test" time="0.031" classname="core.TMTest"/>
  <testcase name="test" time="0.001" classname="core.TMTest"/>
  <testcase name="test" time="0.007" classname="core.TMTest"/>
</testsuite> <!-- core.TMTest -->
