<?xml version="1.0" encoding="UTF-8"?>
<!-- Generated by org.testng.reporters.JUnitReportReporter -->
<testsuite name="core.DPTest" tests="4" time="0.027" ignored="0" failures="0" timestamp="27 Jan 2017 04:06:44 GMT" skipped="0" hostname="DESKTOP-CPM7937" errors="0">
  <testcase name="test" time="0.022" classname="core.DPTest"/>
  <testcase name="test" time="0.002" classname="core.DPTest"/>
  <testcase name="test" time="0.001" classname="core.DPTest"/>
  <testcase name="test" time="0.002" classname="core.DPTest"/>
</testsuite> <!-- core.DPTest -->
